<?xml version="1.0" encoding="UTF-8"?>
<!-- Generated by org.testng.reporters.JUnitReportReporter -->
<testsuite hostname="DRBSURYAKANTH" failures="0" tests="4" name="TESTTNG.demootest" time="179.545" errors="0" timestamp="2022-08-04T14:23:46 IST" skipped="0">
  <testcase classname="TESTTNG.demootest" name="f" time="14.533"/>
  <system-out/>
  <testcase classname="TESTTNG.demootest" name="f" time="12.076"/>
  <system-out/>
  <testcase classname="TESTTNG.demootest" name="f1" time="77.998"/>
  <system-out/>
  <testcase classname="TESTTNG.demootest" name="f1" time="74.938"/>
  <system-out/>
</testsuite> <!-- TESTTNG.demootest -->
