<?xml version="1.0" encoding="UTF-8"?>
<!-- Generated by org.testng.reporters.JUnitReportReporter -->
<testsuite hostname="DRBSURYAKANTH" failures="0" tests="2" name="TESTTNG.demoo2" time="0.011" errors="0" timestamp="2022-08-04T15:33:38 IST" skipped="0">
  <testcase classname="TESTTNG.demoo2" name="testcase4" time="0.010"/>
  <system-out/>
  <testcase classname="TESTTNG.demoo2" name="testcase2" time="0.001"/>
  <system-out/>
</testsuite> <!-- TESTTNG.demoo2 -->
