<?xml version="1.0" encoding="UTF-8"?>
<!-- Generated by org.testng.reporters.JUnitReportReporter -->
<testsuite hostname="DRBSURYAKANTH" failures="0" tests="4" name="TESTTNG.demo1" time="0.012" errors="0" timestamp="2022-08-04T14:42:39 IST" skipped="0">
  <testcase classname="TESTTNG.demo1" name="tiger" time="0.001"/>
  <system-out/>
  <testcase classname="TESTTNG.demo1" name="butterfly" time="0.008"/>
  <system-out/>
  <testcase classname="TESTTNG.demo1" name="elephant" time="0.001"/>
  <system-out/>
  <testcase classname="TESTTNG.demo1" name="lion" time="0.002"/>
  <system-out/>
</testsuite> <!-- TESTTNG.demo1 -->
